<?xml version="1.0" encoding="utf-8"?><testsuites name="pytest tests"><testsuite name="pytest" errors="0" failures="0" skipped="0" tests="15" time="3.204" timestamp="2026-08-30T07:32:11.045942+00:00" hostname="agent-env-d279137c-c66d-4fb7-8fe4-23e8ece442e5"><testcase classname="backend.tests.backend_test.TestReviews" name="test_list_reviews_empty_ok" time="0.031" /><testcase classname="backend.tests.backend_test.TestReviews" name="test_create_review_missing_fields" time="0.015" /><testcase classname="backend.tests.backend_test.TestReviews" name="test_full_crud_and_filter" time="0.278" /><testcase classname="backend.tests.backend_test.TestReviews" name="test_invalid_id" time="0.067" /><testcase classname="backend.tests.backend_test.TestReactions" name="test_like" time="0.612" /><testcase classname="backend.tests.backend_test.TestReactions" name="test_switch_like_to_dislike" time="0.014" /><testcase classname="backend.tests.backend_test.TestReactions" name="test_clear_reaction" time="0.089" /><testcase classname="backend.tests.backend_test.TestReactions" name="test_invalid_action" time="0.076" /><testcase classname="backend.tests.backend_test.TestReactions" name="test_never_negative" time="0.012" /><testcase classname="backend.tests.backend_test.TestMessages" name="test_message_lifecycle" time="0.596" /><testcase classname="backend.tests.backend_test.TestMessages" name="test_message_validation" time="0.011" /><testcase classname="backend.tests.backend_test.TestVisits" name="test_track_and_stats" time="0.822" /><testcase classname="backend.tests.backend_test.TestVisits" name="test_visit_validation" time="0.006" /><testcase classname="backend.tests.backend_test.TestSettings" name="test_get_returns_defaults" time="0.087" /><testcase classname="backend.tests.backend_test.TestSettings" name="test_put_persists" time="0.086" /></testsuite></testsuites>